This file contains any messages produced by compilers while
running configure, to aid debugging if configure makes a mistake.

It was created by pma configure 2.1, which was
generated by GNU Autoconf 2.69.  Invocation command line was

  $ ./configure 

## --------- ##
## Platform. ##
## --------- ##

hostname = Archlinux
uname -m = i686
uname -r = 3.14.3-1-ARCH
uname -s = Linux
uname -v = #1 SMP PREEMPT Tue May 6 22:45:18 CEST 2014

/usr/bin/uname -p = unknown
/bin/uname -X     = unknown

/bin/arch              = unknown
/usr/bin/arch -k       = unknown
/usr/convex/getsysinfo = unknown
/usr/bin/hostinfo      = unknown
/bin/machine           = unknown
/usr/bin/oslevel       = unknown
/bin/universe          = unknown

PATH: /usr/local/sbin
PATH: /usr/local/bin
PATH: /usr/bin
PATH: /usr/bin/vendor_perl
PATH: /usr/bin/core_perl


## ----------- ##
## Core tests. ##
## ----------- ##

configure:2298: checking for ranlib
configure:2314: found /usr/bin/ranlib
configure:2325: result: ranlib
configure:2392: checking for a BSD-compatible install
configure:2460: result: /usr/bin/install -c
configure:2471: checking whether build environment is sane
configure:2526: result: yes
configure:2677: checking for a thread-safe mkdir -p
configure:2716: result: /usr/bin/mkdir -p
configure:2723: checking for gawk
configure:2739: found /usr/bin/gawk
configure:2750: result: gawk
configure:2761: checking whether make sets $(MAKE)
configure:2783: result: yes
configure:2812: checking whether make supports nested variables
configure:2829: result: yes
configure:3003: checking for gcc
configure:3019: found /usr/bin/gcc
configure:3030: result: gcc
configure:3259: checking for C compiler version
configure:3268: gcc --version >&5
gcc (GCC) 4.9.0 20140507 (prerelease)
Copyright (C) 2014 Free Software Foundation, Inc.
This is free software; see the source for copying conditions.  There is NO
warranty; not even for MERCHANTABILITY or FITNESS FOR A PARTICULAR PURPOSE.

configure:3279: $? = 0
configure:3268: gcc -v >&5
Using built-in specs.
COLLECT_GCC=gcc
COLLECT_LTO_WRAPPER=/usr/lib/gcc/i686-pc-linux-gnu/4.9.0/lto-wrapper
Target: i686-pc-linux-gnu
Configured with: /build/gcc/src/gcc-4.9-20140507/configure --prefix=/usr --libdir=/usr/lib --libexecdir=/usr/lib --mandir=/usr/share/man --infodir=/usr/share/info --with-bugurl=https://bugs.archlinux.org/ --enable-languages=c,c++,ada,fortran,go,lto,objc,obj-c++ --enable-shared --enable-threads=posix --with-system-zlib --enable-__cxa_atexit --disable-libunwind-exceptions --enable-clocale=gnu --disable-libstdcxx-pch --disable-libssp --enable-gnu-unique-object --enable-linker-build-id --enable-cloog-backend=isl --disable-cloog-version-check --enable-lto --enable-plugin --enable-install-libiberty --with-linker-hash-style=gnu --disable-multilib --disable-werror --enable-checking=release
Thread model: posix
gcc version 4.9.0 20140507 (prerelease) (GCC) 
configure:3279: $? = 0
configure:3268: gcc -V >&5
gcc: error: unrecognized command line option '-V'
gcc: fatal error: no input files
compilation terminated.
configure:3279: $? = 1
configure:3268: gcc -qversion >&5
gcc: error: unrecognized command line option '-qversion'
gcc: fatal error: no input files
compilation terminated.
configure:3279: $? = 1
configure:3299: checking whether the C compiler works
configure:3321: gcc    conftest.c  >&5
configure:3325: $? = 0
configure:3373: result: yes
configure:3376: checking for C compiler default output file name
configure:3378: result: a.out
configure:3384: checking for suffix of executables
configure:3391: gcc -o conftest    conftest.c  >&5
configure:3395: $? = 0
configure:3417: result: 
configure:3439: checking whether we are cross compiling
configure:3447: gcc -o conftest    conftest.c  >&5
configure:3451: $? = 0
configure:3458: ./conftest
configure:3462: $? = 0
configure:3477: result: no
configure:3482: checking for suffix of object files
configure:3504: gcc -c   conftest.c >&5
configure:3508: $? = 0
configure:3529: result: o
configure:3533: checking whether we are using the GNU C compiler
configure:3552: gcc -c   conftest.c >&5
configure:3552: $? = 0
configure:3561: result: yes
configure:3570: checking whether gcc accepts -g
configure:3590: gcc -c -g  conftest.c >&5
configure:3590: $? = 0
configure:3631: result: yes
configure:3648: checking for gcc option to accept ISO C89
configure:3711: gcc  -c -g -O2  conftest.c >&5
configure:3711: $? = 0
configure:3724: result: none needed
configure:3749: checking whether gcc understands -c and -o together
configure:3771: gcc -c conftest.c -o conftest2.o
configure:3774: $? = 0
configure:3771: gcc -c conftest.c -o conftest2.o
configure:3774: $? = 0
configure:3786: result: yes
configure:3814: checking for style of include used by make
configure:3842: result: GNU
configure:3868: checking dependency style of gcc
configure:3979: result: gcc3
configure:4052: checking for g++
configure:4068: found /usr/bin/g++
configure:4079: result: g++
configure:4106: checking for C++ compiler version
configure:4115: g++ --version >&5
g++ (GCC) 4.9.0 20140507 (prerelease)
Copyright (C) 2014 Free Software Foundation, Inc.
This is free software; see the source for copying conditions.  There is NO
warranty; not even for MERCHANTABILITY or FITNESS FOR A PARTICULAR PURPOSE.

configure:4126: $? = 0
configure:4115: g++ -v >&5
Using built-in specs.
COLLECT_GCC=g++
COLLECT_LTO_WRAPPER=/usr/lib/gcc/i686-pc-linux-gnu/4.9.0/lto-wrapper
Target: i686-pc-linux-gnu
Configured with: /build/gcc/src/gcc-4.9-20140507/configure --prefix=/usr --libdir=/usr/lib --libexecdir=/usr/lib --mandir=/usr/share/man --infodir=/usr/share/info --with-bugurl=https://bugs.archlinux.org/ --enable-languages=c,c++,ada,fortran,go,lto,objc,obj-c++ --enable-shared --enable-threads=posix --with-system-zlib --enable-__cxa_atexit --disable-libunwind-exceptions --enable-clocale=gnu --disable-libstdcxx-pch --disable-libssp --enable-gnu-unique-object --enable-linker-build-id --enable-cloog-backend=isl --disable-cloog-version-check --enable-lto --enable-plugin --enable-install-libiberty --with-linker-hash-style=gnu --disable-multilib --disable-werror --enable-checking=release
Thread model: posix
gcc version 4.9.0 20140507 (prerelease) (GCC) 
configure:4126: $? = 0
configure:4115: g++ -V >&5
g++: error: unrecognized command line option '-V'
g++: fatal error: no input files
compilation terminated.
configure:4126: $? = 1
configure:4115: g++ -qversion >&5
g++: error: unrecognized command line option '-qversion'
g++: fatal error: no input files
compilation terminated.
configure:4126: $? = 1
configure:4130: checking whether we are using the GNU C++ compiler
configure:4149: g++ -c   conftest.cpp >&5
configure:4149: $? = 0
configure:4158: result: yes
configure:4167: checking whether g++ accepts -g
configure:4187: g++ -c -g  conftest.cpp >&5
configure:4187: $? = 0
configure:4228: result: yes
configure:4253: checking dependency style of g++
configure:4364: result: gcc3
configure:4408: checking build system type
configure:4422: result: i686-pc-linux-gnu
configure:4442: checking host system type
configure:4455: result: i686-pc-linux-gnu
configure:4496: checking how to print strings
configure:4523: result: printf
configure:4544: checking for a sed that does not truncate output
configure:4608: result: /usr/bin/sed
configure:4626: checking for grep that handles long lines and -e
configure:4684: result: /usr/bin/grep
configure:4689: checking for egrep
configure:4751: result: /usr/bin/grep -E
configure:4756: checking for fgrep
configure:4818: result: /usr/bin/grep -F
configure:4853: checking for ld used by gcc
configure:4920: result: /usr/bin/ld
configure:4927: checking if the linker (/usr/bin/ld) is GNU ld
configure:4942: result: yes
configure:4954: checking for BSD- or MS-compatible name lister (nm)
configure:5003: result: /usr/bin/nm -B
configure:5133: checking the name lister (/usr/bin/nm -B) interface
configure:5140: gcc -c -g -O2  conftest.c >&5
configure:5143: /usr/bin/nm -B "conftest.o"
configure:5146: output
00000000 B some_variable
configure:5153: result: BSD nm
configure:5156: checking whether ln -s works
configure:5160: result: yes
configure:5168: checking the maximum length of command line arguments
configure:5298: result: 1572864
configure:5315: checking whether the shell understands some XSI constructs
configure:5325: result: yes
configure:5329: checking whether the shell understands "+="
configure:5335: result: yes
configure:5370: checking how to convert i686-pc-linux-gnu file names to i686-pc-linux-gnu format
configure:5410: result: func_convert_file_noop
configure:5417: checking how to convert i686-pc-linux-gnu file names to toolchain format
configure:5437: result: func_convert_file_noop
configure:5444: checking for /usr/bin/ld option to reload object files
configure:5451: result: -r
configure:5525: checking for objdump
configure:5541: found /usr/bin/objdump
configure:5552: result: objdump
configure:5584: checking how to recognize dependent libraries
configure:5786: result: pass_all
configure:5871: checking for dlltool
configure:5901: result: no
configure:5931: checking how to associate runtime and link libraries
configure:5958: result: printf %s\n
configure:6019: checking for ar
configure:6035: found /usr/bin/ar
configure:6046: result: ar
configure:6083: checking for archiver @FILE support
configure:6100: gcc -c -g -O2  conftest.c >&5
configure:6100: $? = 0
configure:6103: ar cru libconftest.a @conftest.lst >&5
configure:6106: $? = 0
configure:6111: ar cru libconftest.a @conftest.lst >&5
ar: conftest.o: No such file or directory
configure:6114: $? = 1
configure:6126: result: @
configure:6184: checking for strip
configure:6200: found /usr/bin/strip
configure:6211: result: strip
configure:6283: checking for ranlib
configure:6310: result: ranlib
configure:6412: checking command to parse /usr/bin/nm -B output from gcc object
configure:6532: gcc -c -g -O2  conftest.c >&5
configure:6535: $? = 0
configure:6539: /usr/bin/nm -B conftest.o \| sed -n -e 's/^.*[ ]\([ABCDGIRSTW][ABCDGIRSTW]*\)[ ][ ]*\([_A-Za-z][_A-Za-z0-9]*\)$/\1 \2 \2/p' | sed '/ __gnu_lto/d' \> conftest.nm
configure:6542: $? = 0
configure:6608: gcc -o conftest -g -O2   conftest.c conftstm.o >&5
configure:6611: $? = 0
configure:6649: result: ok
configure:6686: checking for sysroot
configure:6716: result: no
configure:6972: checking for mt
configure:7002: result: no
configure:7022: checking if : is a manifest tool
configure:7028: : '-?'
configure:7036: result: no
configure:7678: checking how to run the C preprocessor
configure:7709: gcc -E  conftest.c
configure:7709: $? = 0
configure:7723: gcc -E  conftest.c
conftest.c:11:28: fatal error: ac_nonexistent.h: No such file or directory
 #include <ac_nonexistent.h>
                            ^
compilation terminated.
configure:7723: $? = 1
configure: failed program was:
| /* confdefs.h */
| #define PACKAGE_NAME "pma"
| #define PACKAGE_TARNAME "pma"
| #define PACKAGE_VERSION "2.1"
| #define PACKAGE_STRING "pma 2.1"
| #define PACKAGE_BUGREPORT "catchgreen@163.com"
| #define PACKAGE_URL ""
| #define PACKAGE "pma"
| #define VERSION "2.1"
| /* end confdefs.h.  */
| #include <ac_nonexistent.h>
configure:7748: result: gcc -E
configure:7768: gcc -E  conftest.c
configure:7768: $? = 0
configure:7782: gcc -E  conftest.c
conftest.c:11:28: fatal error: ac_nonexistent.h: No such file or directory
 #include <ac_nonexistent.h>
                            ^
compilation terminated.
configure:7782: $? = 1
configure: failed program was:
| /* confdefs.h */
| #define PACKAGE_NAME "pma"
| #define PACKAGE_TARNAME "pma"
| #define PACKAGE_VERSION "2.1"
| #define PACKAGE_STRING "pma 2.1"
| #define PACKAGE_BUGREPORT "catchgreen@163.com"
| #define PACKAGE_URL ""
| #define PACKAGE "pma"
| #define VERSION "2.1"
| /* end confdefs.h.  */
| #include <ac_nonexistent.h>
configure:7811: checking for ANSI C header files
configure:7831: gcc -c -g -O2  conftest.c >&5
configure:7831: $? = 0
configure:7904: gcc -o conftest -g -O2   conftest.c  >&5
configure:7904: $? = 0
configure:7904: ./conftest
configure:7904: $? = 0
configure:7915: result: yes
configure:7928: checking for sys/types.h
configure:7928: gcc -c -g -O2  conftest.c >&5
configure:7928: $? = 0
configure:7928: result: yes
configure:7928: checking for sys/stat.h
configure:7928: gcc -c -g -O2  conftest.c >&5
configure:7928: $? = 0
configure:7928: result: yes
configure:7928: checking for stdlib.h
configure:7928: gcc -c -g -O2  conftest.c >&5
configure:7928: $? = 0
configure:7928: result: yes
configure:7928: checking for string.h
configure:7928: gcc -c -g -O2  conftest.c >&5
configure:7928: $? = 0
configure:7928: result: yes
configure:7928: checking for memory.h
configure:7928: gcc -c -g -O2  conftest.c >&5
configure:7928: $? = 0
configure:7928: result: yes
configure:7928: checking for strings.h
configure:7928: gcc -c -g -O2  conftest.c >&5
configure:7928: $? = 0
configure:7928: result: yes
configure:7928: checking for inttypes.h
configure:7928: gcc -c -g -O2  conftest.c >&5
configure:7928: $? = 0
configure:7928: result: yes
configure:7928: checking for stdint.h
configure:7928: gcc -c -g -O2  conftest.c >&5
configure:7928: $? = 0
configure:7928: result: yes
configure:7928: checking for unistd.h
configure:7928: gcc -c -g -O2  conftest.c >&5
configure:7928: $? = 0
configure:7928: result: yes
configure:7942: checking for dlfcn.h
configure:7942: gcc -c -g -O2  conftest.c >&5
configure:7942: $? = 0
configure:7942: result: yes
configure:8159: checking for objdir
configure:8174: result: .libs
configure:8441: checking if gcc supports -fno-rtti -fno-exceptions
configure:8459: gcc -c -g -O2  -fno-rtti -fno-exceptions conftest.c >&5
cc1: warning: command line option '-fno-rtti' is valid for C++/ObjC++ but not for C
configure:8463: $? = 0
configure:8476: result: no
configure:8803: checking for gcc option to produce PIC
configure:8810: result: -fPIC -DPIC
configure:8818: checking if gcc PIC flag -fPIC -DPIC works
configure:8836: gcc -c -g -O2  -fPIC -DPIC -DPIC conftest.c >&5
configure:8840: $? = 0
configure:8853: result: yes
configure:8882: checking if gcc static flag -static works
configure:8910: result: yes
configure:8925: checking if gcc supports -c -o file.o
configure:8946: gcc -c -g -O2  -o out/conftest2.o conftest.c >&5
configure:8950: $? = 0
configure:8972: result: yes
configure:8980: checking if gcc supports -c -o file.o
configure:9027: result: yes
configure:9060: checking whether the gcc linker (/usr/bin/ld) supports shared libraries
configure:10213: result: yes
configure:10250: checking whether -lc should be explicitly linked in
configure:10258: gcc -c -g -O2  conftest.c >&5
configure:10261: $? = 0
configure:10276: gcc -shared  -fPIC -DPIC conftest.o  -v -Wl,-soname -Wl,conftest -o conftest 2\>\&1 \| /usr/bin/grep  -lc  \>/dev/null 2\>\&1
configure:10279: $? = 0
configure:10293: result: no
configure:10453: checking dynamic linker characteristics
configure:10964: gcc -o conftest -g -O2   -Wl,-rpath -Wl,/foo conftest.c  >&5
configure:10964: $? = 0
configure:11186: result: GNU/Linux ld.so
configure:11293: checking how to hardcode library paths into programs
configure:11318: result: immediate
configure:11858: checking whether stripping libraries is possible
configure:11863: result: yes
configure:11898: checking if libtool supports shared libraries
configure:11900: result: yes
configure:11903: checking whether to build shared libraries
configure:11924: result: yes
configure:11927: checking whether to build static libraries
configure:11931: result: yes
configure:11954: checking how to run the C++ preprocessor
configure:11981: g++ -E  conftest.cpp
configure:11981: $? = 0
configure:11995: g++ -E  conftest.cpp
conftest.cpp:23:28: fatal error: ac_nonexistent.h: No such file or directory
 #include <ac_nonexistent.h>
                            ^
compilation terminated.
configure:11995: $? = 1
configure: failed program was:
| /* confdefs.h */
| #define PACKAGE_NAME "pma"
| #define PACKAGE_TARNAME "pma"
| #define PACKAGE_VERSION "2.1"
| #define PACKAGE_STRING "pma 2.1"
| #define PACKAGE_BUGREPORT "catchgreen@163.com"
| #define PACKAGE_URL ""
| #define PACKAGE "pma"
| #define VERSION "2.1"
| #define STDC_HEADERS 1
| #define HAVE_SYS_TYPES_H 1
| #define HAVE_SYS_STAT_H 1
| #define HAVE_STDLIB_H 1
| #define HAVE_STRING_H 1
| #define HAVE_MEMORY_H 1
| #define HAVE_STRINGS_H 1
| #define HAVE_INTTYPES_H 1
| #define HAVE_STDINT_H 1
| #define HAVE_UNISTD_H 1
| #define HAVE_DLFCN_H 1
| #define LT_OBJDIR ".libs/"
| /* end confdefs.h.  */
| #include <ac_nonexistent.h>
configure:12020: result: g++ -E
configure:12040: g++ -E  conftest.cpp
configure:12040: $? = 0
configure:12054: g++ -E  conftest.cpp
conftest.cpp:23:28: fatal error: ac_nonexistent.h: No such file or directory
 #include <ac_nonexistent.h>
                            ^
compilation terminated.
configure:12054: $? = 1
configure: failed program was:
| /* confdefs.h */
| #define PACKAGE_NAME "pma"
| #define PACKAGE_TARNAME "pma"
| #define PACKAGE_VERSION "2.1"
| #define PACKAGE_STRING "pma 2.1"
| #define PACKAGE_BUGREPORT "catchgreen@163.com"
| #define PACKAGE_URL ""
| #define PACKAGE "pma"
| #define VERSION "2.1"
| #define STDC_HEADERS 1
| #define HAVE_SYS_TYPES_H 1
| #define HAVE_SYS_STAT_H 1
| #define HAVE_STDLIB_H 1
| #define HAVE_STRING_H 1
| #define HAVE_MEMORY_H 1
| #define HAVE_STRINGS_H 1
| #define HAVE_INTTYPES_H 1
| #define HAVE_STDINT_H 1
| #define HAVE_UNISTD_H 1
| #define HAVE_DLFCN_H 1
| #define LT_OBJDIR ".libs/"
| /* end confdefs.h.  */
| #include <ac_nonexistent.h>
configure:12223: checking for ld used by g++
configure:12290: result: /usr/bin/ld
configure:12297: checking if the linker (/usr/bin/ld) is GNU ld
configure:12312: result: yes
configure:12367: checking whether the g++ linker (/usr/bin/ld) supports shared libraries
configure:13372: result: yes
configure:13408: g++ -c -g -O2  conftest.cpp >&5
configure:13411: $? = 0
configure:13931: checking for g++ option to produce PIC
configure:13938: result: -fPIC -DPIC
configure:13946: checking if g++ PIC flag -fPIC -DPIC works
configure:13964: g++ -c -g -O2  -fPIC -DPIC -DPIC conftest.cpp >&5
configure:13968: $? = 0
configure:13981: result: yes
configure:14004: checking if g++ static flag -static works
configure:14032: result: yes
configure:14044: checking if g++ supports -c -o file.o
configure:14065: g++ -c -g -O2  -o out/conftest2.o conftest.cpp >&5
configure:14069: $? = 0
configure:14091: result: yes
configure:14096: checking if g++ supports -c -o file.o
configure:14143: result: yes
configure:14173: checking whether the g++ linker (/usr/bin/ld) supports shared libraries
configure:14209: result: yes
configure:14350: checking dynamic linker characteristics
configure:15017: result: GNU/Linux ld.so
configure:15070: checking how to hardcode library paths into programs
configure:15095: result: immediate
configure:15156: checking for library containing pthread_create
configure:15187: gcc -o conftest -g -O2   conftest.c  >&5
/tmp/cc5pfsYK.o: In function `main':
/home/macro/workspace/pma2/conftest.c:34: undefined reference to `pthread_create'
collect2: error: ld returned 1 exit status
configure:15187: $? = 1
configure: failed program was:
| /* confdefs.h */
| #define PACKAGE_NAME "pma"
| #define PACKAGE_TARNAME "pma"
| #define PACKAGE_VERSION "2.1"
| #define PACKAGE_STRING "pma 2.1"
| #define PACKAGE_BUGREPORT "catchgreen@163.com"
| #define PACKAGE_URL ""
| #define PACKAGE "pma"
| #define VERSION "2.1"
| #define STDC_HEADERS 1
| #define HAVE_SYS_TYPES_H 1
| #define HAVE_SYS_STAT_H 1
| #define HAVE_STDLIB_H 1
| #define HAVE_STRING_H 1
| #define HAVE_MEMORY_H 1
| #define HAVE_STRINGS_H 1
| #define HAVE_INTTYPES_H 1
| #define HAVE_STDINT_H 1
| #define HAVE_UNISTD_H 1
| #define HAVE_DLFCN_H 1
| #define LT_OBJDIR ".libs/"
| /* end confdefs.h.  */
| 
| /* Override any GCC internal prototype to avoid an error.
|    Use char because int might match the return type of a GCC
|    builtin and then its argument prototype would still apply.  */
| #ifdef __cplusplus
| extern "C"
| #endif
| char pthread_create ();
| int
| main ()
| {
| return pthread_create ();
|   ;
|   return 0;
| }
configure:15187: gcc -o conftest -g -O2   conftest.c -lpthread   >&5
configure:15187: $? = 0
configure:15204: result: -lpthread
configure:15212: checking for library containing dlopen
configure:15243: gcc -o conftest -g -O2   conftest.c -lpthread  >&5
/tmp/ccTL9Y5W.o: In function `main':
/home/macro/workspace/pma2/conftest.c:34: undefined reference to `dlopen'
collect2: error: ld returned 1 exit status
configure:15243: $? = 1
configure: failed program was:
| /* confdefs.h */
| #define PACKAGE_NAME "pma"
| #define PACKAGE_TARNAME "pma"
| #define PACKAGE_VERSION "2.1"
| #define PACKAGE_STRING "pma 2.1"
| #define PACKAGE_BUGREPORT "catchgreen@163.com"
| #define PACKAGE_URL ""
| #define PACKAGE "pma"
| #define VERSION "2.1"
| #define STDC_HEADERS 1
| #define HAVE_SYS_TYPES_H 1
| #define HAVE_SYS_STAT_H 1
| #define HAVE_STDLIB_H 1
| #define HAVE_STRING_H 1
| #define HAVE_MEMORY_H 1
| #define HAVE_STRINGS_H 1
| #define HAVE_INTTYPES_H 1
| #define HAVE_STDINT_H 1
| #define HAVE_UNISTD_H 1
| #define HAVE_DLFCN_H 1
| #define LT_OBJDIR ".libs/"
| /* end confdefs.h.  */
| 
| /* Override any GCC internal prototype to avoid an error.
|    Use char because int might match the return type of a GCC
|    builtin and then its argument prototype would still apply.  */
| #ifdef __cplusplus
| extern "C"
| #endif
| char dlopen ();
| int
| main ()
| {
| return dlopen ();
|   ;
|   return 0;
| }
configure:15243: gcc -o conftest -g -O2   conftest.c -ldl  -lpthread  >&5
configure:15243: $? = 0
configure:15260: result: -ldl
configure:15268: checking for library containing snmp_sess_init
configure:15299: gcc -o conftest -g -O2   conftest.c -ldl -lpthread  >&5
/tmp/ccFWHRsa.o: In function `main':
/home/macro/workspace/pma2/conftest.c:34: undefined reference to `snmp_sess_init'
collect2: error: ld returned 1 exit status
configure:15299: $? = 1
configure: failed program was:
| /* confdefs.h */
| #define PACKAGE_NAME "pma"
| #define PACKAGE_TARNAME "pma"
| #define PACKAGE_VERSION "2.1"
| #define PACKAGE_STRING "pma 2.1"
| #define PACKAGE_BUGREPORT "catchgreen@163.com"
| #define PACKAGE_URL ""
| #define PACKAGE "pma"
| #define VERSION "2.1"
| #define STDC_HEADERS 1
| #define HAVE_SYS_TYPES_H 1
| #define HAVE_SYS_STAT_H 1
| #define HAVE_STDLIB_H 1
| #define HAVE_STRING_H 1
| #define HAVE_MEMORY_H 1
| #define HAVE_STRINGS_H 1
| #define HAVE_INTTYPES_H 1
| #define HAVE_STDINT_H 1
| #define HAVE_UNISTD_H 1
| #define HAVE_DLFCN_H 1
| #define LT_OBJDIR ".libs/"
| /* end confdefs.h.  */
| 
| /* Override any GCC internal prototype to avoid an error.
|    Use char because int might match the return type of a GCC
|    builtin and then its argument prototype would still apply.  */
| #ifdef __cplusplus
| extern "C"
| #endif
| char snmp_sess_init ();
| int
| main ()
| {
| return snmp_sess_init ();
|   ;
|   return 0;
| }
configure:15299: gcc -o conftest -g -O2   conftest.c -lnetsnmp  -ldl -lpthread  >&5
configure:15299: $? = 0
configure:15316: result: -lnetsnmp
configure:15324: checking for library containing xmlStrcmp
configure:15355: gcc -o conftest -g -O2   conftest.c -lnetsnmp -ldl -lpthread  >&5
/tmp/cc3INfNq.o: In function `main':
/home/macro/workspace/pma2/conftest.c:34: undefined reference to `xmlStrcmp'
collect2: error: ld returned 1 exit status
configure:15355: $? = 1
configure: failed program was:
| /* confdefs.h */
| #define PACKAGE_NAME "pma"
| #define PACKAGE_TARNAME "pma"
| #define PACKAGE_VERSION "2.1"
| #define PACKAGE_STRING "pma 2.1"
| #define PACKAGE_BUGREPORT "catchgreen@163.com"
| #define PACKAGE_URL ""
| #define PACKAGE "pma"
| #define VERSION "2.1"
| #define STDC_HEADERS 1
| #define HAVE_SYS_TYPES_H 1
| #define HAVE_SYS_STAT_H 1
| #define HAVE_STDLIB_H 1
| #define HAVE_STRING_H 1
| #define HAVE_MEMORY_H 1
| #define HAVE_STRINGS_H 1
| #define HAVE_INTTYPES_H 1
| #define HAVE_STDINT_H 1
| #define HAVE_UNISTD_H 1
| #define HAVE_DLFCN_H 1
| #define LT_OBJDIR ".libs/"
| /* end confdefs.h.  */
| 
| /* Override any GCC internal prototype to avoid an error.
|    Use char because int might match the return type of a GCC
|    builtin and then its argument prototype would still apply.  */
| #ifdef __cplusplus
| extern "C"
| #endif
| char xmlStrcmp ();
| int
| main ()
| {
| return xmlStrcmp ();
|   ;
|   return 0;
| }
configure:15355: gcc -o conftest -g -O2   conftest.c -lxml2  -lnetsnmp -ldl -lpthread  >&5
configure:15355: $? = 0
configure:15372: result: -lxml2
configure:15507: checking that generated files are newer than configure
configure:15513: result: done
configure:15540: creating ./config.status

## ---------------------- ##
## Running config.status. ##
## ---------------------- ##

This file was extended by pma config.status 2.1, which was
generated by GNU Autoconf 2.69.  Invocation command line was

  CONFIG_FILES    = 
  CONFIG_HEADERS  = 
  CONFIG_LINKS    = 
  CONFIG_COMMANDS = 
  $ ./config.status 

on Archlinux

config.status:1168: creating Makefile
config.status:1168: creating utils/Makefile
config.status:1168: creating policy/Makefile
config.status:1168: creating conf/Makefile
config.status:1168: creating control/Makefile
config.status:1168: creating command/Makefile
config.status:1168: creating comm/Makefile
config.status:1168: creating lib/Makefile
config.status:1168: creating reg/Makefile
config.status:1168: creating logger/Makefile
config.status:1168: creating mmanager/Makefile
config.status:1168: creating router/Makefile
config.status:1168: creating server/Makefile
config.status:1168: creating timer/Makefile
config.status:1168: creating snmp/Makefile
config.status:1168: creating netlink/Makefile
config.status:1168: creating lsdb/Makefile
config.status:1168: creating db/Makefile
config.status:1168: creating ddc/Makefile
config.status:1168: creating lsd/Makefile
config.status:1168: creating vty/Makefile
config.status:1168: creating test/Makefile
config.status:1168: creating config.h
config.status:1349: config.h is unchanged
config.status:1397: executing depfiles commands
config.status:1397: executing libtool commands

## ---------------- ##
## Cache variables. ##
## ---------------- ##

ac_cv_build=i686-pc-linux-gnu
ac_cv_c_compiler_gnu=yes
ac_cv_cxx_compiler_gnu=yes
ac_cv_env_CCC_set=
ac_cv_env_CCC_value=
ac_cv_env_CC_set=
ac_cv_env_CC_value=
ac_cv_env_CFLAGS_set=
ac_cv_env_CFLAGS_value=
ac_cv_env_CPPFLAGS_set=
ac_cv_env_CPPFLAGS_value=
ac_cv_env_CPP_set=
ac_cv_env_CPP_value=
ac_cv_env_CXXCPP_set=
ac_cv_env_CXXCPP_value=
ac_cv_env_CXXFLAGS_set=
ac_cv_env_CXXFLAGS_value=
ac_cv_env_CXX_set=
ac_cv_env_CXX_value=
ac_cv_env_LDFLAGS_set=
ac_cv_env_LDFLAGS_value=
ac_cv_env_LIBS_set=
ac_cv_env_LIBS_value=
ac_cv_env_build_alias_set=
ac_cv_env_build_alias_value=
ac_cv_env_host_alias_set=
ac_cv_env_host_alias_value=
ac_cv_env_target_alias_set=
ac_cv_env_target_alias_value=
ac_cv_header_dlfcn_h=yes
ac_cv_header_inttypes_h=yes
ac_cv_header_memory_h=yes
ac_cv_header_stdc=yes
ac_cv_header_stdint_h=yes
ac_cv_header_stdlib_h=yes
ac_cv_header_string_h=yes
ac_cv_header_strings_h=yes
ac_cv_header_sys_stat_h=yes
ac_cv_header_sys_types_h=yes
ac_cv_header_unistd_h=yes
ac_cv_host=i686-pc-linux-gnu
ac_cv_objext=o
ac_cv_path_EGREP='/usr/bin/grep -E'
ac_cv_path_FGREP='/usr/bin/grep -F'
ac_cv_path_GREP=/usr/bin/grep
ac_cv_path_SED=/usr/bin/sed
ac_cv_path_install='/usr/bin/install -c'
ac_cv_path_mkdir=/usr/bin/mkdir
ac_cv_prog_AWK=gawk
ac_cv_prog_CPP='gcc -E'
ac_cv_prog_CXXCPP='g++ -E'
ac_cv_prog_ac_ct_AR=ar
ac_cv_prog_ac_ct_CC=gcc
ac_cv_prog_ac_ct_CXX=g++
ac_cv_prog_ac_ct_OBJDUMP=objdump
ac_cv_prog_ac_ct_RANLIB=ranlib
ac_cv_prog_ac_ct_STRIP=strip
ac_cv_prog_cc_c89=
ac_cv_prog_cc_g=yes
ac_cv_prog_cxx_g=yes
ac_cv_prog_make_make_set=yes
ac_cv_search_dlopen=-ldl
ac_cv_search_pthread_create=-lpthread
ac_cv_search_snmp_sess_init=-lnetsnmp
ac_cv_search_xmlStrcmp=-lxml2
am_cv_CC_dependencies_compiler_type=gcc3
am_cv_CXX_dependencies_compiler_type=gcc3
am_cv_make_support_nested_variables=yes
am_cv_prog_cc_c_o=yes
lt_cv_ar_at_file=@
lt_cv_archive_cmds_need_lc=no
lt_cv_deplibs_check_method=pass_all
lt_cv_file_magic_cmd='$MAGIC_CMD'
lt_cv_file_magic_test_file=
lt_cv_ld_reload_flag=-r
lt_cv_nm_interface='BSD nm'
lt_cv_objdir=.libs
lt_cv_path_LD=/usr/bin/ld
lt_cv_path_LDCXX=/usr/bin/ld
lt_cv_path_NM='/usr/bin/nm -B'
lt_cv_path_mainfest_tool=no
lt_cv_prog_compiler_c_o=yes
lt_cv_prog_compiler_c_o_CXX=yes
lt_cv_prog_compiler_pic='-fPIC -DPIC'
lt_cv_prog_compiler_pic_CXX='-fPIC -DPIC'
lt_cv_prog_compiler_pic_works=yes
lt_cv_prog_compiler_pic_works_CXX=yes
lt_cv_prog_compiler_rtti_exceptions=no
lt_cv_prog_compiler_static_works=yes
lt_cv_prog_compiler_static_works_CXX=yes
lt_cv_prog_gnu_ld=yes
lt_cv_prog_gnu_ldcxx=yes
lt_cv_sharedlib_from_linklib_cmd='printf %s\n'
lt_cv_shlibpath_overrides_runpath=no
lt_cv_sys_global_symbol_pipe='sed -n -e '\''s/^.*[	 ]\([ABCDGIRSTW][ABCDGIRSTW]*\)[	 ][	 ]*\([_A-Za-z][_A-Za-z0-9]*\)$/\1 \2 \2/p'\'' | sed '\''/ __gnu_lto/d'\'''
lt_cv_sys_global_symbol_to_c_name_address='sed -n -e '\''s/^: \([^ ]*\)[ ]*$/  {\"\1\", (void *) 0},/p'\'' -e '\''s/^[ABCDGIRSTW]* \([^ ]*\) \([^ ]*\)$/  {"\2", (void *) \&\2},/p'\'''
lt_cv_sys_global_symbol_to_c_name_address_lib_prefix='sed -n -e '\''s/^: \([^ ]*\)[ ]*$/  {\"\1\", (void *) 0},/p'\'' -e '\''s/^[ABCDGIRSTW]* \([^ ]*\) \(lib[^ ]*\)$/  {"\2", (void *) \&\2},/p'\'' -e '\''s/^[ABCDGIRSTW]* \([^ ]*\) \([^ ]*\)$/  {"lib\2", (void *) \&\2},/p'\'''
lt_cv_sys_global_symbol_to_cdecl='sed -n -e '\''s/^T .* \(.*\)$/extern int \1();/p'\'' -e '\''s/^[ABCDGIRSTW]* .* \(.*\)$/extern char \1;/p'\'''
lt_cv_sys_max_cmd_len=1572864
lt_cv_to_host_file_cmd=func_convert_file_noop
lt_cv_to_tool_file_cmd=func_convert_file_noop

## ----------------- ##
## Output variables. ##
## ----------------- ##

ACLOCAL='${SHELL} /home/macro/workspace/pma2/missing aclocal-1.14'
AMDEPBACKSLASH='\'
AMDEP_FALSE='#'
AMDEP_TRUE=''
AMTAR='$${TAR-tar}'
AM_BACKSLASH='\'
AM_DEFAULT_V='$(AM_DEFAULT_VERBOSITY)'
AM_DEFAULT_VERBOSITY='1'
AM_V='$(V)'
AR='ar'
AUTOCONF='${SHELL} /home/macro/workspace/pma2/missing autoconf'
AUTOHEADER='${SHELL} /home/macro/workspace/pma2/missing autoheader'
AUTOMAKE='${SHELL} /home/macro/workspace/pma2/missing automake-1.14'
AWK='gawk'
CC='gcc'
CCDEPMODE='depmode=gcc3'
CFLAGS='-g -O2'
CPP='gcc -E'
CPPFLAGS=''
CXX='g++'
CXXCPP='g++ -E'
CXXDEPMODE='depmode=gcc3'
CXXFLAGS='-g -O2'
CYGPATH_W='echo'
DEFS='-DHAVE_CONFIG_H'
DEPDIR='.deps'
DLLTOOL='false'
DSYMUTIL=''
DUMPBIN=''
ECHO_C=''
ECHO_N='-n'
ECHO_T=''
EGREP='/usr/bin/grep -E'
EXEEXT=''
FGREP='/usr/bin/grep -F'
GREP='/usr/bin/grep'
INSTALL_DATA='${INSTALL} -m 644'
INSTALL_PROGRAM='${INSTALL}'
INSTALL_SCRIPT='${INSTALL}'
INSTALL_STRIP_PROGRAM='$(install_sh) -c -s'
LD='/usr/bin/ld'
LDFLAGS=''
LIBOBJS=''
LIBS='-lxml2 -lnetsnmp -ldl -lpthread '
LIBTOOL='$(SHELL) $(top_builddir)/libtool'
LIB_SNMP_INCLUDE='/usr/local/snmp/include/'
LIB_SNMP_LIB='/usr/local/snmp/lib/'
LIB_XML_INCLUDE='/usr/include/libxml2/'
LIPO=''
LN_S='ln -s'
LTLIBOBJS=''
MAKEINFO='${SHELL} /home/macro/workspace/pma2/missing makeinfo'
MANIFEST_TOOL=':'
MKDIR_P='/usr/bin/mkdir -p'
NM='/usr/bin/nm -B'
NMEDIT=''
OBJDUMP='objdump'
OBJEXT='o'
OTOOL64=''
OTOOL=''
PACKAGE='pma'
PACKAGE_BUGREPORT='catchgreen@163.com'
PACKAGE_NAME='pma'
PACKAGE_STRING='pma 2.1'
PACKAGE_TARNAME='pma'
PACKAGE_URL=''
PACKAGE_VERSION='2.1'
PATH_SEPARATOR=':'
RANLIB='ranlib'
SED='/usr/bin/sed'
SET_MAKE=''
SHELL='/bin/sh'
STRIP='strip'
VERSION='2.1'
ac_ct_AR='ar'
ac_ct_CC='gcc'
ac_ct_CXX='g++'
ac_ct_DUMPBIN=''
am__EXEEXT_FALSE=''
am__EXEEXT_TRUE='#'
am__fastdepCC_FALSE='#'
am__fastdepCC_TRUE=''
am__fastdepCXX_FALSE='#'
am__fastdepCXX_TRUE=''
am__include='include'
am__isrc=''
am__leading_dot='.'
am__nodep='_no'
am__quote=''
am__tar='$${TAR-tar} chof - "$$tardir"'
am__untar='$${TAR-tar} xf -'
bindir='${exec_prefix}/bin'
build='i686-pc-linux-gnu'
build_alias=''
build_cpu='i686'
build_os='linux-gnu'
build_vendor='pc'
datadir='${datarootdir}'
datarootdir='${prefix}/share'
docdir='${datarootdir}/doc/${PACKAGE_TARNAME}'
dvidir='${docdir}'
exec_prefix='${prefix}'
host='i686-pc-linux-gnu'
host_alias=''
host_cpu='i686'
host_os='linux-gnu'
host_vendor='pc'
htmldir='${docdir}'
includedir='${prefix}/include'
infodir='${datarootdir}/info'
install_sh='${SHELL} /home/macro/workspace/pma2/install-sh'
libdir='${exec_prefix}/lib'
libexecdir='${exec_prefix}/libexec'
localedir='${datarootdir}/locale'
localstatedir='${prefix}/var'
mandir='${datarootdir}/man'
mkdir_p='$(MKDIR_P)'
oldincludedir='/usr/include'
pdfdir='${docdir}'
prefix='/usr/local'
program_transform_name='s,x,x,'
psdir='${docdir}'
sbindir='${exec_prefix}/sbin'
sharedstatedir='${prefix}/com'
sysconfdir='${prefix}/etc'
target_alias=''

## ----------- ##
## confdefs.h. ##
## ----------- ##

/* confdefs.h */
#define PACKAGE_NAME "pma"
#define PACKAGE_TARNAME "pma"
#define PACKAGE_VERSION "2.1"
#define PACKAGE_STRING "pma 2.1"
#define PACKAGE_BUGREPORT "catchgreen@163.com"
#define PACKAGE_URL ""
#define PACKAGE "pma"
#define VERSION "2.1"
#define STDC_HEADERS 1
#define HAVE_SYS_TYPES_H 1
#define HAVE_SYS_STAT_H 1
#define HAVE_STDLIB_H 1
#define HAVE_STRING_H 1
#define HAVE_MEMORY_H 1
#define HAVE_STRINGS_H 1
#define HAVE_INTTYPES_H 1
#define HAVE_STDINT_H 1
#define HAVE_UNISTD_H 1
#define HAVE_DLFCN_H 1
#define LT_OBJDIR ".libs/"
#define OSPF_VERSION /**/

configure: exit 0

## ---------------------- ##
## Running config.status. ##
## ---------------------- ##

This file was extended by pma config.status 2.1, which was
generated by GNU Autoconf 2.69.  Invocation command line was

  CONFIG_FILES    = 
  CONFIG_HEADERS  = 
  CONFIG_LINKS    = 
  CONFIG_COMMANDS = 
  $ ./config.status comm/Makefile depfiles

on Archlinux

config.status:1168: creating comm/Makefile
config.status:1397: executing depfiles commands

## ---------------------- ##
## Running config.status. ##
## ---------------------- ##

This file was extended by pma config.status 2.1, which was
generated by GNU Autoconf 2.69.  Invocation command line was

  CONFIG_FILES    = 
  CONFIG_HEADERS  = 
  CONFIG_LINKS    = 
  CONFIG_COMMANDS = 
  $ ./config.status Makefile depfiles

on Archlinux

config.status:1168: creating Makefile
config.status:1397: executing depfiles commands

## ---------------------- ##
## Running config.status. ##
## ---------------------- ##

This file was extended by pma config.status 2.1, which was
generated by GNU Autoconf 2.69.  Invocation command line was

  CONFIG_FILES    = 
  CONFIG_HEADERS  = 
  CONFIG_LINKS    = 
  CONFIG_COMMANDS = 
  $ ./config.status Makefile depfiles

on Archlinux

config.status:1168: creating Makefile
config.status:1397: executing depfiles commands
